29-Nov-2024 14:14:03.711 정보 [main] org.apache.catalina.startup.VersionLoggerListener.log 서버 버전 이름:    Apache Tomcat/10.1.33
29-Nov-2024 14:14:03.718 정보 [main] org.apache.catalina.startup.VersionLoggerListener.log Server 빌드 시각:  Nov 7 2024 22:28:55 UTC
29-Nov-2024 14:14:03.719 정보 [main] org.apache.catalina.startup.VersionLoggerListener.log Server 버전 번호:  10.1.33.0
29-Nov-2024 14:14:03.719 정보 [main] org.apache.catalina.startup.VersionLoggerListener.log 운영체제 이름:     Windows 10
29-Nov-2024 14:14:03.719 정보 [main] org.apache.catalina.startup.VersionLoggerListener.log 운영체제 버전:     10.0
29-Nov-2024 14:14:03.720 정보 [main] org.apache.catalina.startup.VersionLoggerListener.log 아키텍처:          amd64
29-Nov-2024 14:14:03.720 정보 [main] org.apache.catalina.startup.VersionLoggerListener.log 자바 홈:           D:\jdk-17.0.12+7
29-Nov-2024 14:14:03.720 정보 [main] org.apache.catalina.startup.VersionLoggerListener.log JVM 버전:          17.0.12+7
29-Nov-2024 14:14:03.721 정보 [main] org.apache.catalina.startup.VersionLoggerListener.log JVM 벤더:          Eclipse Adoptium
29-Nov-2024 14:14:03.721 정보 [main] org.apache.catalina.startup.VersionLoggerListener.log CATALINA_BASE:     D:\NewWorkspace\shema\src\main
29-Nov-2024 14:14:03.721 정보 [main] org.apache.catalina.startup.VersionLoggerListener.log CATALINA_HOME:     D:\apache-tomcat-10.1.33
29-Nov-2024 14:14:03.742 정보 [main] org.apache.catalina.startup.VersionLoggerListener.log 명령 행 아규먼트:  --add-opens=java.base/java.lang=ALL-UNNAMED
29-Nov-2024 14:14:03.742 정보 [main] org.apache.catalina.startup.VersionLoggerListener.log 명령 행 아규먼트:  --add-opens=java.base/java.io=ALL-UNNAMED
29-Nov-2024 14:14:03.742 정보 [main] org.apache.catalina.startup.VersionLoggerListener.log 명령 행 아규먼트:  --add-opens=java.base/java.util=ALL-UNNAMED
29-Nov-2024 14:14:03.742 정보 [main] org.apache.catalina.startup.VersionLoggerListener.log 명령 행 아규먼트:  --add-opens=java.base/java.util.concurrent=ALL-UNNAMED
29-Nov-2024 14:14:03.743 정보 [main] org.apache.catalina.startup.VersionLoggerListener.log 명령 행 아규먼트:  --add-opens=java.rmi/sun.rmi.transport=ALL-UNNAMED
29-Nov-2024 14:14:03.743 정보 [main] org.apache.catalina.startup.VersionLoggerListener.log 명령 행 아규먼트:  -Dcatalina.home=D:\apache-tomcat-10.1.33
29-Nov-2024 14:14:03.743 정보 [main] org.apache.catalina.startup.VersionLoggerListener.log 명령 행 아규먼트:  -Dcatalina.base=D:\NewWorkspace\shema\src\main
29-Nov-2024 14:14:03.743 정보 [main] org.apache.catalina.startup.VersionLoggerListener.log 명령 행 아규먼트:  -Djava.io.tmpdir=D:\NewWorkspace\shema\src\main\temp
29-Nov-2024 14:14:03.744 정보 [main] org.apache.catalina.startup.VersionLoggerListener.log 명령 행 아규먼트:  -Djava.util.logging.config.file=D:\NewWorkspace\shema\src\main\conf\logging.properties
29-Nov-2024 14:14:03.744 정보 [main] org.apache.catalina.startup.VersionLoggerListener.log 명령 행 아규먼트:  -Djava.util.logging.manager=org.apache.juli.ClassLoaderLogManager
29-Nov-2024 14:14:03.744 정보 [main] org.apache.catalina.startup.VersionLoggerListener.log 명령 행 아규먼트:  -javaagent:D:\JetBrains\IntelliJ IDEA Community Edition 2024.1.4\lib\idea_rt.jar=60921:D:\JetBrains\IntelliJ IDEA Community Edition 2024.1.4\bin
29-Nov-2024 14:14:03.744 정보 [main] org.apache.catalina.startup.VersionLoggerListener.log 명령 행 아규먼트:  -Dfile.encoding=UTF-8
29-Nov-2024 14:14:04.175 정보 [main] org.apache.catalina.core.AprLifecycleListener.lifecycleEvent APR 버전 [1.7.4]을(를) 사용한, APR 기반 Apache Tomcat Native 라이브러리 [2.0.8]을(를) 로드했습니다.
29-Nov-2024 14:14:04.230 정보 [main] org.apache.catalina.core.AprLifecycleListener.initializeSSL OpenSSL이 성공적으로 초기화되었습니다: [OpenSSL 3.0.14 4 Jun 2024]
29-Nov-2024 14:14:04.846 정보 [main] org.apache.coyote.AbstractProtocol.init 프로토콜 핸들러 ["http-nio-8080"]을(를) 초기화합니다.
29-Nov-2024 14:14:04.897 정보 [main] org.apache.coyote.AbstractProtocol.init 프로토콜 핸들러 ["ajp-nio-127.0.0.1-8009"]을(를) 초기화합니다.
29-Nov-2024 14:14:04.901 정보 [main] org.apache.catalina.startup.Catalina.load [1803] 밀리초 내에 서버가 초기화되었습니다.
29-Nov-2024 14:14:05.029 정보 [main] org.apache.catalina.core.StandardService.startInternal 서비스 [Catalina]을(를) 시작합니다.
29-Nov-2024 14:14:05.030 정보 [main] org.apache.catalina.core.StandardEngine.startInternal 서버 엔진을 시작합니다: [Apache Tomcat/10.1.33]
29-Nov-2024 14:14:05.066 정보 [main] org.apache.catalina.startup.HostConfig.deployDescriptor 배치 descriptor [D:\NewWorkspace\shema\src\main\conf\Catalina\localhost\ROOT.xml]을(를) 배치합니다.
29-Nov-2024 14:14:23.923 정보 [main] org.apache.jasper.servlet.TldScanner.scanJars 적어도 하나의 JAR가 TLD들을 찾기 위해 스캔되었으나 아무 것도 찾지 못했습니다. 스캔했으나 TLD가 없는 JAR들의 전체 목록을 보시려면, 로그 레벨을 디버그 레벨로 설정하십시오. 스캔 과정에서 불필요한 JAR들을 건너뛰면, 시스템 시작 시간과 JSP 컴파일 시간을 단축시킬 수 있습니다.
29-Nov-2024 14:14:44.989 경고 [main] org.apache.catalina.util.SessionIdGeneratorBase.createSecureRandom [SHA1PRNG] 알고리즘을 사용하여, 세션 ID를 생성하기 위한 SecureRandom 객체를 생성하는데, [589] 밀리초가 소요됐습니다.
29-Nov-2024 14:14:45.037 정보 [main] org.apache.catalina.startup.HostConfig.deployDescriptor 배치 descriptor [D:\NewWorkspace\shema\src\main\conf\Catalina\localhost\ROOT.xml]의 배치가 [39,971] 밀리초 내에 완료되었습니다.
29-Nov-2024 14:14:45.049 정보 [main] org.apache.coyote.AbstractProtocol.start 프로토콜 핸들러 ["http-nio-8080"]을(를) 시작합니다.
29-Nov-2024 14:14:45.090 심각 [main] org.apache.catalina.util.LifecycleBase.handleSubClassException 구성요소 [Connector["ajp-nio-127.0.0.1-8009"]]을(를) 시작하지 못했습니다.
	org.apache.catalina.LifecycleException: 프로토콜 핸들러 시작 실패
		at org.apache.catalina.connector.Connector.startInternal(Connector.java:1061)
		at org.apache.catalina.util.LifecycleBase.start(LifecycleBase.java:164)
		at org.apache.catalina.core.StandardService.startInternal(StandardService.java:428)
		at org.apache.catalina.util.LifecycleBase.start(LifecycleBase.java:164)
		at org.apache.catalina.core.StandardServer.startInternal(StandardServer.java:870)
		at org.apache.catalina.util.LifecycleBase.start(LifecycleBase.java:164)
		at org.apache.catalina.startup.Catalina.start(Catalina.java:757)
		at java.base/jdk.internal.reflect.NativeMethodAccessorImpl.invoke0(Native Method)
		at java.base/jdk.internal.reflect.NativeMethodAccessorImpl.invoke(NativeMethodAccessorImpl.java:77)
		at java.base/jdk.internal.reflect.DelegatingMethodAccessorImpl.invoke(DelegatingMethodAccessorImpl.java:43)
		at java.base/java.lang.reflect.Method.invoke(Method.java:569)
		at org.apache.catalina.startup.Bootstrap.start(Bootstrap.java:345)
		at org.apache.catalina.startup.Bootstrap.main(Bootstrap.java:473)
	Caused by: java.lang.IllegalArgumentException: AJP 연결자는 secretRequired="true"로 구성되었으나 보안 속성이 널 또는 ""입니다. 이 조합은 유효하지 않습니다.
		at org.apache.coyote.ajp.AbstractAjpProtocol.start(AbstractAjpProtocol.java:277)
		at org.apache.catalina.connector.Connector.startInternal(Connector.java:1058)
		... 12 more
29-Nov-2024 14:14:45.092 정보 [main] org.apache.catalina.startup.Catalina.start 서버가 [40190] 밀리초 내에 시작되었습니다.
29-Nov-2024 14:15:53.457 정보 [http-nio-8080-exec-3] org.apache.coyote.http11.Http11Processor.service HTTP 요청 헤더를 파싱하는 중 오류 발생
 비고: HTTP 요청 파싱 오류들이 더 발생하는 경우 DEBUG 레벨 로그로 기록될 것입니다.
	java.lang.IllegalArgumentException: 메소드 이름에 유효하지 않은 문자가 발견되었습니다. HTTP 메소드 이름은 유효한 토큰이어야 합니다.
		at org.apache.coyote.http11.Http11InputBuffer.parseRequestLine(Http11InputBuffer.java:406)
		at org.apache.coyote.http11.Http11Processor.service(Http11Processor.java:270)
		at org.apache.coyote.AbstractProcessorLight.process(AbstractProcessorLight.java:63)
		at org.apache.coyote.AbstractProtocol$ConnectionHandler.process(AbstractProtocol.java:905)
		at org.apache.tomcat.util.net.NioEndpoint$SocketProcessor.doRun(NioEndpoint.java:1741)
		at org.apache.tomcat.util.net.SocketProcessorBase.run(SocketProcessorBase.java:52)
		at org.apache.tomcat.util.threads.ThreadPoolExecutor.runWorker(ThreadPoolExecutor.java:1190)
		at org.apache.tomcat.util.threads.ThreadPoolExecutor$Worker.run(ThreadPoolExecutor.java:659)
		at org.apache.tomcat.util.threads.TaskThread$WrappingRunnable.run(TaskThread.java:63)
		at java.base/java.lang.Thread.run(Thread.java:840)
29-Nov-2024 14:15:53.628 정보 [http-nio-8080-exec-8] org.apache.coyote.http11.Http11Processor.service HTTP 요청 헤더를 파싱하는 중 오류 발생
 비고: HTTP 요청 파싱 오류들이 더 발생하는 경우 DEBUG 레벨 로그로 기록될 것입니다.
	java.lang.IllegalArgumentException: 메소드 이름에 유효하지 않은 문자가 발견되었습니다. HTTP 메소드 이름은 유효한 토큰이어야 합니다.
		at org.apache.coyote.http11.Http11InputBuffer.parseRequestLine(Http11InputBuffer.java:406)
		at org.apache.coyote.http11.Http11Processor.service(Http11Processor.java:270)
		at org.apache.coyote.AbstractProcessorLight.process(AbstractProcessorLight.java:63)
		at org.apache.coyote.AbstractProtocol$ConnectionHandler.process(AbstractProtocol.java:905)
		at org.apache.tomcat.util.net.NioEndpoint$SocketProcessor.doRun(NioEndpoint.java:1741)
		at org.apache.tomcat.util.net.SocketProcessorBase.run(SocketProcessorBase.java:52)
		at org.apache.tomcat.util.threads.ThreadPoolExecutor.runWorker(ThreadPoolExecutor.java:1190)
		at org.apache.tomcat.util.threads.ThreadPoolExecutor$Worker.run(ThreadPoolExecutor.java:659)
		at org.apache.tomcat.util.threads.TaskThread$WrappingRunnable.run(TaskThread.java:63)
		at java.base/java.lang.Thread.run(Thread.java:840)
29-Nov-2024 14:16:57.687 정보 [Thread-5] org.apache.coyote.AbstractProtocol.pause 프로토콜 핸들러 ["http-nio-8080"]을(를) 일시 정지 중
29-Nov-2024 14:17:05.308 정보 [Thread-5] org.apache.coyote.AbstractProtocol.pause 프로토콜 핸들러 ["ajp-nio-127.0.0.1-8009"]을(를) 일시 정지 중
29-Nov-2024 14:17:05.308 정보 [Thread-5] org.apache.catalina.core.StandardService.stopInternal 서비스 [Catalina]을(를) 중지시킵니다.
29-Nov-2024 14:17:05.765 경고 [Thread-5] org.apache.catalina.loader.WebappClassLoaderBase.clearReferencesThreads 웹 애플리케이션 [ROOT]이(가) [quartzScheduler_Worker-2](이)라는 이름의 쓰레드를 시작시킨 것으로 보이지만, 해당 쓰레드를 중지시키지 못했습니다. 이는 메모리 누수를 유발할 가능성이 큽니다. 해당 쓰레드의 스택 트레이스:
 java.base@17.0.12/java.lang.Object.wait(Native Method)
 org.quartz.simpl.SimpleThreadPool$WorkerThread.run(SimpleThreadPool.java:568)
29-Nov-2024 14:17:05.766 경고 [Thread-5] org.apache.catalina.loader.WebappClassLoaderBase.clearReferencesThreads 웹 애플리케이션 [ROOT]이(가) [quartzScheduler_Worker-3](이)라는 이름의 쓰레드를 시작시킨 것으로 보이지만, 해당 쓰레드를 중지시키지 못했습니다. 이는 메모리 누수를 유발할 가능성이 큽니다. 해당 쓰레드의 스택 트레이스:
 java.base@17.0.12/java.lang.Object.wait(Native Method)
 org.quartz.simpl.SimpleThreadPool$WorkerThread.run(SimpleThreadPool.java:568)
29-Nov-2024 14:17:05.766 경고 [Thread-5] org.apache.catalina.loader.WebappClassLoaderBase.clearReferencesThreads 웹 애플리케이션 [ROOT]이(가) [quartzScheduler_Worker-6](이)라는 이름의 쓰레드를 시작시킨 것으로 보이지만, 해당 쓰레드를 중지시키지 못했습니다. 이는 메모리 누수를 유발할 가능성이 큽니다. 해당 쓰레드의 스택 트레이스:
 java.base@17.0.12/java.lang.Object.wait(Native Method)
 org.quartz.simpl.SimpleThreadPool$WorkerThread.run(SimpleThreadPool.java:568)
29-Nov-2024 14:17:05.767 경고 [Thread-5] org.apache.catalina.loader.WebappClassLoaderBase.clearReferencesThreads 웹 애플리케이션 [ROOT]이(가) [quartzScheduler_Worker-7](이)라는 이름의 쓰레드를 시작시킨 것으로 보이지만, 해당 쓰레드를 중지시키지 못했습니다. 이는 메모리 누수를 유발할 가능성이 큽니다. 해당 쓰레드의 스택 트레이스:
 java.base@17.0.12/java.lang.Object.wait(Native Method)
 org.quartz.simpl.SimpleThreadPool$WorkerThread.run(SimpleThreadPool.java:568)
29-Nov-2024 14:17:05.767 경고 [Thread-5] org.apache.catalina.loader.WebappClassLoaderBase.clearReferencesThreads 웹 애플리케이션 [ROOT]이(가) [quartzScheduler_Worker-10](이)라는 이름의 쓰레드를 시작시킨 것으로 보이지만, 해당 쓰레드를 중지시키지 못했습니다. 이는 메모리 누수를 유발할 가능성이 큽니다. 해당 쓰레드의 스택 트레이스:
 java.base@17.0.12/java.lang.Object.wait(Native Method)
 org.quartz.simpl.SimpleThreadPool$WorkerThread.run(SimpleThreadPool.java:568)
29-Nov-2024 14:17:05.785 정보 [Thread-5] org.apache.coyote.AbstractProtocol.stop 프로토콜 핸들러 ["http-nio-8080"]을(를) 중지시킵니다.
29-Nov-2024 14:17:05.790 정보 [Thread-5] org.apache.coyote.AbstractProtocol.destroy 프로토콜 핸들러 ["http-nio-8080"]을(를) 소멸시킵니다.
29-Nov-2024 14:17:05.793 정보 [Thread-5] org.apache.coyote.AbstractProtocol.stop 프로토콜 핸들러 ["ajp-nio-127.0.0.1-8009"]을(를) 중지시킵니다.
29-Nov-2024 14:17:05.793 정보 [Thread-5] org.apache.coyote.AbstractProtocol.destroy 프로토콜 핸들러 ["ajp-nio-127.0.0.1-8009"]을(를) 소멸시킵니다.
29-Nov-2024 14:17:31.858 정보 [main] org.apache.catalina.startup.VersionLoggerListener.log 서버 버전 이름:    Apache Tomcat/10.1.33
29-Nov-2024 14:17:31.867 정보 [main] org.apache.catalina.startup.VersionLoggerListener.log Server 빌드 시각:  Nov 7 2024 22:28:55 UTC
29-Nov-2024 14:17:31.868 정보 [main] org.apache.catalina.startup.VersionLoggerListener.log Server 버전 번호:  10.1.33.0
29-Nov-2024 14:17:31.868 정보 [main] org.apache.catalina.startup.VersionLoggerListener.log 운영체제 이름:     Windows 10
29-Nov-2024 14:17:31.868 정보 [main] org.apache.catalina.startup.VersionLoggerListener.log 운영체제 버전:     10.0
29-Nov-2024 14:17:31.868 정보 [main] org.apache.catalina.startup.VersionLoggerListener.log 아키텍처:          amd64
29-Nov-2024 14:17:31.869 정보 [main] org.apache.catalina.startup.VersionLoggerListener.log 자바 홈:           D:\jdk-17.0.12+7
29-Nov-2024 14:17:31.869 정보 [main] org.apache.catalina.startup.VersionLoggerListener.log JVM 버전:          17.0.12+7
29-Nov-2024 14:17:31.870 정보 [main] org.apache.catalina.startup.VersionLoggerListener.log JVM 벤더:          Eclipse Adoptium
29-Nov-2024 14:17:31.870 정보 [main] org.apache.catalina.startup.VersionLoggerListener.log CATALINA_BASE:     D:\NewWorkspace\shema\src\main
29-Nov-2024 14:17:31.870 정보 [main] org.apache.catalina.startup.VersionLoggerListener.log CATALINA_HOME:     D:\apache-tomcat-10.1.33
29-Nov-2024 14:17:31.902 정보 [main] org.apache.catalina.startup.VersionLoggerListener.log 명령 행 아규먼트:  --add-opens=java.base/java.lang=ALL-UNNAMED
29-Nov-2024 14:17:31.903 정보 [main] org.apache.catalina.startup.VersionLoggerListener.log 명령 행 아규먼트:  --add-opens=java.base/java.io=ALL-UNNAMED
29-Nov-2024 14:17:31.903 정보 [main] org.apache.catalina.startup.VersionLoggerListener.log 명령 행 아규먼트:  --add-opens=java.base/java.util=ALL-UNNAMED
29-Nov-2024 14:17:31.904 정보 [main] org.apache.catalina.startup.VersionLoggerListener.log 명령 행 아규먼트:  --add-opens=java.base/java.util.concurrent=ALL-UNNAMED
29-Nov-2024 14:17:31.904 정보 [main] org.apache.catalina.startup.VersionLoggerListener.log 명령 행 아규먼트:  --add-opens=java.rmi/sun.rmi.transport=ALL-UNNAMED
29-Nov-2024 14:17:31.904 정보 [main] org.apache.catalina.startup.VersionLoggerListener.log 명령 행 아규먼트:  -Dcatalina.home=D:\apache-tomcat-10.1.33
29-Nov-2024 14:17:31.905 정보 [main] org.apache.catalina.startup.VersionLoggerListener.log 명령 행 아규먼트:  -Dcatalina.base=D:\NewWorkspace\shema\src\main
29-Nov-2024 14:17:31.905 정보 [main] org.apache.catalina.startup.VersionLoggerListener.log 명령 행 아규먼트:  -Djava.io.tmpdir=D:\NewWorkspace\shema\src\main\temp
29-Nov-2024 14:17:31.905 정보 [main] org.apache.catalina.startup.VersionLoggerListener.log 명령 행 아규먼트:  -Djava.util.logging.config.file=D:\NewWorkspace\shema\src\main\conf\logging.properties
29-Nov-2024 14:17:31.906 정보 [main] org.apache.catalina.startup.VersionLoggerListener.log 명령 행 아규먼트:  -Djava.util.logging.manager=org.apache.juli.ClassLoaderLogManager
29-Nov-2024 14:17:31.906 정보 [main] org.apache.catalina.startup.VersionLoggerListener.log 명령 행 아규먼트:  -javaagent:D:\JetBrains\IntelliJ IDEA Community Edition 2024.1.4\lib\idea_rt.jar=61004:D:\JetBrains\IntelliJ IDEA Community Edition 2024.1.4\bin
29-Nov-2024 14:17:31.906 정보 [main] org.apache.catalina.startup.VersionLoggerListener.log 명령 행 아규먼트:  -Dfile.encoding=UTF-8
29-Nov-2024 14:17:31.912 정보 [main] org.apache.catalina.core.AprLifecycleListener.lifecycleEvent APR 버전 [1.7.4]을(를) 사용한, APR 기반 Apache Tomcat Native 라이브러리 [2.0.8]을(를) 로드했습니다.
29-Nov-2024 14:17:31.935 정보 [main] org.apache.catalina.core.AprLifecycleListener.initializeSSL OpenSSL이 성공적으로 초기화되었습니다: [OpenSSL 3.0.14 4 Jun 2024]
29-Nov-2024 14:17:32.549 정보 [main] org.apache.coyote.AbstractProtocol.init 프로토콜 핸들러 ["http-nio-8080"]을(를) 초기화합니다.
29-Nov-2024 14:17:32.585 정보 [main] org.apache.coyote.AbstractProtocol.init 프로토콜 핸들러 ["ajp-nio-127.0.0.1-8009"]을(를) 초기화합니다.
29-Nov-2024 14:17:32.589 정보 [main] org.apache.catalina.startup.Catalina.load [1392] 밀리초 내에 서버가 초기화되었습니다.
29-Nov-2024 14:17:32.702 정보 [main] org.apache.catalina.core.StandardService.startInternal 서비스 [Catalina]을(를) 시작합니다.
29-Nov-2024 14:17:32.703 정보 [main] org.apache.catalina.core.StandardEngine.startInternal 서버 엔진을 시작합니다: [Apache Tomcat/10.1.33]
29-Nov-2024 14:17:32.732 정보 [main] org.apache.catalina.startup.HostConfig.deployDescriptor 배치 descriptor [D:\NewWorkspace\shema\src\main\conf\Catalina\localhost\ROOT.xml]을(를) 배치합니다.
29-Nov-2024 14:17:49.160 정보 [main] org.apache.jasper.servlet.TldScanner.scanJars 적어도 하나의 JAR가 TLD들을 찾기 위해 스캔되었으나 아무 것도 찾지 못했습니다. 스캔했으나 TLD가 없는 JAR들의 전체 목록을 보시려면, 로그 레벨을 디버그 레벨로 설정하십시오. 스캔 과정에서 불필요한 JAR들을 건너뛰면, 시스템 시작 시간과 JSP 컴파일 시간을 단축시킬 수 있습니다.
29-Nov-2024 14:18:09.567 경고 [main] org.apache.catalina.util.SessionIdGeneratorBase.createSecureRandom [SHA1PRNG] 알고리즘을 사용하여, 세션 ID를 생성하기 위한 SecureRandom 객체를 생성하는데, [630] 밀리초가 소요됐습니다.
29-Nov-2024 14:18:09.618 정보 [main] org.apache.catalina.startup.HostConfig.deployDescriptor 배치 descriptor [D:\NewWorkspace\shema\src\main\conf\Catalina\localhost\ROOT.xml]의 배치가 [36,885] 밀리초 내에 완료되었습니다.
29-Nov-2024 14:18:09.629 정보 [main] org.apache.coyote.AbstractProtocol.start 프로토콜 핸들러 ["http-nio-8080"]을(를) 시작합니다.
29-Nov-2024 14:18:09.683 심각 [main] org.apache.catalina.util.LifecycleBase.handleSubClassException 구성요소 [Connector["ajp-nio-127.0.0.1-8009"]]을(를) 시작하지 못했습니다.
	org.apache.catalina.LifecycleException: 프로토콜 핸들러 시작 실패
		at org.apache.catalina.connector.Connector.startInternal(Connector.java:1061)
		at org.apache.catalina.util.LifecycleBase.start(LifecycleBase.java:164)
		at org.apache.catalina.core.StandardService.startInternal(StandardService.java:428)
		at org.apache.catalina.util.LifecycleBase.start(LifecycleBase.java:164)
		at org.apache.catalina.core.StandardServer.startInternal(StandardServer.java:870)
		at org.apache.catalina.util.LifecycleBase.start(LifecycleBase.java:164)
		at org.apache.catalina.startup.Catalina.start(Catalina.java:757)
		at java.base/jdk.internal.reflect.NativeMethodAccessorImpl.invoke0(Native Method)
		at java.base/jdk.internal.reflect.NativeMethodAccessorImpl.invoke(NativeMethodAccessorImpl.java:77)
		at java.base/jdk.internal.reflect.DelegatingMethodAccessorImpl.invoke(DelegatingMethodAccessorImpl.java:43)
		at java.base/java.lang.reflect.Method.invoke(Method.java:569)
		at org.apache.catalina.startup.Bootstrap.start(Bootstrap.java:345)
		at org.apache.catalina.startup.Bootstrap.main(Bootstrap.java:473)
	Caused by: java.lang.IllegalArgumentException: AJP 연결자는 secretRequired="true"로 구성되었으나 보안 속성이 널 또는 ""입니다. 이 조합은 유효하지 않습니다.
		at org.apache.coyote.ajp.AbstractAjpProtocol.start(AbstractAjpProtocol.java:277)
		at org.apache.catalina.connector.Connector.startInternal(Connector.java:1058)
		... 12 more
29-Nov-2024 14:18:09.686 정보 [main] org.apache.catalina.startup.Catalina.start 서버가 [37096] 밀리초 내에 시작되었습니다.
29-Nov-2024 14:18:39.847 정보 [Thread-5] org.apache.coyote.AbstractProtocol.pause 프로토콜 핸들러 ["http-nio-8080"]을(를) 일시 정지 중
29-Nov-2024 14:18:48.605 정보 [Thread-5] org.apache.coyote.AbstractProtocol.pause 프로토콜 핸들러 ["ajp-nio-127.0.0.1-8009"]을(를) 일시 정지 중
29-Nov-2024 14:18:48.605 정보 [Thread-5] org.apache.catalina.core.StandardService.stopInternal 서비스 [Catalina]을(를) 중지시킵니다.
29-Nov-2024 14:18:49.124 정보 [Thread-5] org.apache.coyote.AbstractProtocol.stop 프로토콜 핸들러 ["http-nio-8080"]을(를) 중지시킵니다.
29-Nov-2024 14:18:49.144 정보 [Thread-5] org.apache.coyote.AbstractProtocol.destroy 프로토콜 핸들러 ["http-nio-8080"]을(를) 소멸시킵니다.
29-Nov-2024 14:18:49.145 정보 [Thread-5] org.apache.coyote.AbstractProtocol.stop 프로토콜 핸들러 ["ajp-nio-127.0.0.1-8009"]을(를) 중지시킵니다.
29-Nov-2024 14:18:49.145 정보 [Thread-5] org.apache.coyote.AbstractProtocol.destroy 프로토콜 핸들러 ["ajp-nio-127.0.0.1-8009"]을(를) 소멸시킵니다.
29-Nov-2024 14:19:38.160 정보 [main] org.apache.catalina.startup.VersionLoggerListener.log 서버 버전 이름:    Apache Tomcat/10.1.33
29-Nov-2024 14:19:38.174 정보 [main] org.apache.catalina.startup.VersionLoggerListener.log Server 빌드 시각:  Nov 7 2024 22:28:55 UTC
29-Nov-2024 14:19:38.175 정보 [main] org.apache.catalina.startup.VersionLoggerListener.log Server 버전 번호:  10.1.33.0
29-Nov-2024 14:19:38.176 정보 [main] org.apache.catalina.startup.VersionLoggerListener.log 운영체제 이름:     Windows 10
29-Nov-2024 14:19:38.176 정보 [main] org.apache.catalina.startup.VersionLoggerListener.log 운영체제 버전:     10.0
29-Nov-2024 14:19:38.176 정보 [main] org.apache.catalina.startup.VersionLoggerListener.log 아키텍처:          amd64
29-Nov-2024 14:19:38.177 정보 [main] org.apache.catalina.startup.VersionLoggerListener.log 자바 홈:           D:\jdk-17.0.12+7
29-Nov-2024 14:19:38.177 정보 [main] org.apache.catalina.startup.VersionLoggerListener.log JVM 버전:          17.0.12+7
29-Nov-2024 14:19:38.178 정보 [main] org.apache.catalina.startup.VersionLoggerListener.log JVM 벤더:          Eclipse Adoptium
29-Nov-2024 14:19:38.178 정보 [main] org.apache.catalina.startup.VersionLoggerListener.log CATALINA_BASE:     D:\NewWorkspace\shema\src\main
29-Nov-2024 14:19:38.178 정보 [main] org.apache.catalina.startup.VersionLoggerListener.log CATALINA_HOME:     D:\apache-tomcat-10.1.33
29-Nov-2024 14:19:38.204 정보 [main] org.apache.catalina.startup.VersionLoggerListener.log 명령 행 아규먼트:  --add-opens=java.base/java.lang=ALL-UNNAMED
29-Nov-2024 14:19:38.205 정보 [main] org.apache.catalina.startup.VersionLoggerListener.log 명령 행 아규먼트:  --add-opens=java.base/java.io=ALL-UNNAMED
29-Nov-2024 14:19:38.205 정보 [main] org.apache.catalina.startup.VersionLoggerListener.log 명령 행 아규먼트:  --add-opens=java.base/java.util=ALL-UNNAMED
29-Nov-2024 14:19:38.205 정보 [main] org.apache.catalina.startup.VersionLoggerListener.log 명령 행 아규먼트:  --add-opens=java.base/java.util.concurrent=ALL-UNNAMED
29-Nov-2024 14:19:38.206 정보 [main] org.apache.catalina.startup.VersionLoggerListener.log 명령 행 아규먼트:  --add-opens=java.rmi/sun.rmi.transport=ALL-UNNAMED
29-Nov-2024 14:19:38.206 정보 [main] org.apache.catalina.startup.VersionLoggerListener.log 명령 행 아규먼트:  -Dcatalina.home=D:\apache-tomcat-10.1.33
29-Nov-2024 14:19:38.206 정보 [main] org.apache.catalina.startup.VersionLoggerListener.log 명령 행 아규먼트:  -Dcatalina.base=D:\NewWorkspace\shema\src\main
29-Nov-2024 14:19:38.207 정보 [main] org.apache.catalina.startup.VersionLoggerListener.log 명령 행 아규먼트:  -Djava.io.tmpdir=D:\NewWorkspace\shema\src\main\temp
29-Nov-2024 14:19:38.207 정보 [main] org.apache.catalina.startup.VersionLoggerListener.log 명령 행 아규먼트:  -Djava.util.logging.config.file=D:\NewWorkspace\shema\src\main\conf\logging.properties
29-Nov-2024 14:19:38.207 정보 [main] org.apache.catalina.startup.VersionLoggerListener.log 명령 행 아규먼트:  -Djava.util.logging.manager=org.apache.juli.ClassLoaderLogManager
29-Nov-2024 14:19:38.207 정보 [main] org.apache.catalina.startup.VersionLoggerListener.log 명령 행 아규먼트:  -javaagent:D:\JetBrains\IntelliJ IDEA Community Edition 2024.1.4\lib\idea_rt.jar=61032:D:\JetBrains\IntelliJ IDEA Community Edition 2024.1.4\bin
29-Nov-2024 14:19:38.208 정보 [main] org.apache.catalina.startup.VersionLoggerListener.log 명령 행 아규먼트:  -Dfile.encoding=UTF-8
29-Nov-2024 14:19:38.214 정보 [main] org.apache.catalina.core.AprLifecycleListener.lifecycleEvent APR 버전 [1.7.4]을(를) 사용한, APR 기반 Apache Tomcat Native 라이브러리 [2.0.8]을(를) 로드했습니다.
29-Nov-2024 14:19:38.242 정보 [main] org.apache.catalina.core.AprLifecycleListener.initializeSSL OpenSSL이 성공적으로 초기화되었습니다: [OpenSSL 3.0.14 4 Jun 2024]
29-Nov-2024 14:19:38.947 정보 [main] org.apache.coyote.AbstractProtocol.init 프로토콜 핸들러 ["http-nio-8080"]을(를) 초기화합니다.
29-Nov-2024 14:19:38.989 정보 [main] org.apache.coyote.AbstractProtocol.init 프로토콜 핸들러 ["ajp-nio-127.0.0.1-8009"]을(를) 초기화합니다.
29-Nov-2024 14:19:38.992 정보 [main] org.apache.catalina.startup.Catalina.load [1527] 밀리초 내에 서버가 초기화되었습니다.
29-Nov-2024 14:19:39.104 정보 [main] org.apache.catalina.core.StandardService.startInternal 서비스 [Catalina]을(를) 시작합니다.
29-Nov-2024 14:19:39.105 정보 [main] org.apache.catalina.core.StandardEngine.startInternal 서버 엔진을 시작합니다: [Apache Tomcat/10.1.33]
29-Nov-2024 14:19:39.137 정보 [main] org.apache.catalina.startup.HostConfig.deployDescriptor 배치 descriptor [D:\NewWorkspace\shema\src\main\conf\Catalina\localhost\ROOT.xml]을(를) 배치합니다.
29-Nov-2024 14:19:54.708 정보 [main] org.apache.jasper.servlet.TldScanner.scanJars 적어도 하나의 JAR가 TLD들을 찾기 위해 스캔되었으나 아무 것도 찾지 못했습니다. 스캔했으나 TLD가 없는 JAR들의 전체 목록을 보시려면, 로그 레벨을 디버그 레벨로 설정하십시오. 스캔 과정에서 불필요한 JAR들을 건너뛰면, 시스템 시작 시간과 JSP 컴파일 시간을 단축시킬 수 있습니다.
29-Nov-2024 14:20:15.742 경고 [main] org.apache.catalina.util.SessionIdGeneratorBase.createSecureRandom [SHA1PRNG] 알고리즘을 사용하여, 세션 ID를 생성하기 위한 SecureRandom 객체를 생성하는데, [821] 밀리초가 소요됐습니다.
29-Nov-2024 14:20:15.787 정보 [main] org.apache.catalina.startup.HostConfig.deployDescriptor 배치 descriptor [D:\NewWorkspace\shema\src\main\conf\Catalina\localhost\ROOT.xml]의 배치가 [36,650] 밀리초 내에 완료되었습니다.
29-Nov-2024 14:20:15.798 정보 [main] org.apache.coyote.AbstractProtocol.start 프로토콜 핸들러 ["http-nio-8080"]을(를) 시작합니다.
29-Nov-2024 14:20:15.837 심각 [main] org.apache.catalina.util.LifecycleBase.handleSubClassException 구성요소 [Connector["ajp-nio-127.0.0.1-8009"]]을(를) 시작하지 못했습니다.
	org.apache.catalina.LifecycleException: 프로토콜 핸들러 시작 실패
		at org.apache.catalina.connector.Connector.startInternal(Connector.java:1061)
		at org.apache.catalina.util.LifecycleBase.start(LifecycleBase.java:164)
		at org.apache.catalina.core.StandardService.startInternal(StandardService.java:428)
		at org.apache.catalina.util.LifecycleBase.start(LifecycleBase.java:164)
		at org.apache.catalina.core.StandardServer.startInternal(StandardServer.java:870)
		at org.apache.catalina.util.LifecycleBase.start(LifecycleBase.java:164)
		at org.apache.catalina.startup.Catalina.start(Catalina.java:757)
		at java.base/jdk.internal.reflect.NativeMethodAccessorImpl.invoke0(Native Method)
		at java.base/jdk.internal.reflect.NativeMethodAccessorImpl.invoke(NativeMethodAccessorImpl.java:77)
		at java.base/jdk.internal.reflect.DelegatingMethodAccessorImpl.invoke(DelegatingMethodAccessorImpl.java:43)
		at java.base/java.lang.reflect.Method.invoke(Method.java:569)
		at org.apache.catalina.startup.Bootstrap.start(Bootstrap.java:345)
		at org.apache.catalina.startup.Bootstrap.main(Bootstrap.java:473)
	Caused by: java.lang.IllegalArgumentException: AJP 연결자는 secretRequired="true"로 구성되었으나 보안 속성이 널 또는 ""입니다. 이 조합은 유효하지 않습니다.
		at org.apache.coyote.ajp.AbstractAjpProtocol.start(AbstractAjpProtocol.java:277)
		at org.apache.catalina.connector.Connector.startInternal(Connector.java:1058)
		... 12 more
29-Nov-2024 14:20:15.840 정보 [main] org.apache.catalina.startup.Catalina.start 서버가 [36847] 밀리초 내에 시작되었습니다.
29-Nov-2024 14:21:46.672 정보 [Thread-5] org.apache.coyote.AbstractProtocol.pause 프로토콜 핸들러 ["http-nio-8080"]을(를) 일시 정지 중
29-Nov-2024 14:21:53.764 정보 [Thread-5] org.apache.coyote.AbstractProtocol.pause 프로토콜 핸들러 ["ajp-nio-127.0.0.1-8009"]을(를) 일시 정지 중
29-Nov-2024 14:21:53.765 정보 [Thread-5] org.apache.catalina.core.StandardService.stopInternal 서비스 [Catalina]을(를) 중지시킵니다.
29-Nov-2024 14:21:54.241 정보 [Thread-5] org.apache.coyote.AbstractProtocol.stop 프로토콜 핸들러 ["http-nio-8080"]을(를) 중지시킵니다.
29-Nov-2024 14:21:54.255 정보 [Thread-5] org.apache.coyote.AbstractProtocol.destroy 프로토콜 핸들러 ["http-nio-8080"]을(를) 소멸시킵니다.
29-Nov-2024 14:21:54.255 정보 [Thread-5] org.apache.coyote.AbstractProtocol.stop 프로토콜 핸들러 ["ajp-nio-127.0.0.1-8009"]을(를) 중지시킵니다.
29-Nov-2024 14:21:54.256 정보 [Thread-5] org.apache.coyote.AbstractProtocol.destroy 프로토콜 핸들러 ["ajp-nio-127.0.0.1-8009"]을(를) 소멸시킵니다.
29-Nov-2024 14:22:13.944 정보 [main] org.apache.catalina.startup.VersionLoggerListener.log 서버 버전 이름:    Apache Tomcat/10.1.33
29-Nov-2024 14:22:13.953 정보 [main] org.apache.catalina.startup.VersionLoggerListener.log Server 빌드 시각:  Nov 7 2024 22:28:55 UTC
29-Nov-2024 14:22:13.953 정보 [main] org.apache.catalina.startup.VersionLoggerListener.log Server 버전 번호:  10.1.33.0
29-Nov-2024 14:22:13.954 정보 [main] org.apache.catalina.startup.VersionLoggerListener.log 운영체제 이름:     Windows 10
29-Nov-2024 14:22:13.954 정보 [main] org.apache.catalina.startup.VersionLoggerListener.log 운영체제 버전:     10.0
29-Nov-2024 14:22:13.954 정보 [main] org.apache.catalina.startup.VersionLoggerListener.log 아키텍처:          amd64
29-Nov-2024 14:22:13.955 정보 [main] org.apache.catalina.startup.VersionLoggerListener.log 자바 홈:           D:\jdk-17.0.12+7
29-Nov-2024 14:22:13.955 정보 [main] org.apache.catalina.startup.VersionLoggerListener.log JVM 버전:          17.0.12+7
29-Nov-2024 14:22:13.955 정보 [main] org.apache.catalina.startup.VersionLoggerListener.log JVM 벤더:          Eclipse Adoptium
29-Nov-2024 14:22:13.956 정보 [main] org.apache.catalina.startup.VersionLoggerListener.log CATALINA_BASE:     D:\NewWorkspace\shema\src\main
29-Nov-2024 14:22:13.956 정보 [main] org.apache.catalina.startup.VersionLoggerListener.log CATALINA_HOME:     D:\apache-tomcat-10.1.33
29-Nov-2024 14:22:13.983 정보 [main] org.apache.catalina.startup.VersionLoggerListener.log 명령 행 아규먼트:  --add-opens=java.base/java.lang=ALL-UNNAMED
29-Nov-2024 14:22:13.983 정보 [main] org.apache.catalina.startup.VersionLoggerListener.log 명령 행 아규먼트:  --add-opens=java.base/java.io=ALL-UNNAMED
29-Nov-2024 14:22:13.984 정보 [main] org.apache.catalina.startup.VersionLoggerListener.log 명령 행 아규먼트:  --add-opens=java.base/java.util=ALL-UNNAMED
29-Nov-2024 14:22:13.984 정보 [main] org.apache.catalina.startup.VersionLoggerListener.log 명령 행 아규먼트:  --add-opens=java.base/java.util.concurrent=ALL-UNNAMED
29-Nov-2024 14:22:13.984 정보 [main] org.apache.catalina.startup.VersionLoggerListener.log 명령 행 아규먼트:  --add-opens=java.rmi/sun.rmi.transport=ALL-UNNAMED
29-Nov-2024 14:22:13.985 정보 [main] org.apache.catalina.startup.VersionLoggerListener.log 명령 행 아규먼트:  -Dcatalina.home=D:\apache-tomcat-10.1.33
29-Nov-2024 14:22:13.985 정보 [main] org.apache.catalina.startup.VersionLoggerListener.log 명령 행 아규먼트:  -Dcatalina.base=D:\NewWorkspace\shema\src\main
29-Nov-2024 14:22:13.985 정보 [main] org.apache.catalina.startup.VersionLoggerListener.log 명령 행 아규먼트:  -Djava.io.tmpdir=D:\NewWorkspace\shema\src\main\temp
29-Nov-2024 14:22:13.986 정보 [main] org.apache.catalina.startup.VersionLoggerListener.log 명령 행 아규먼트:  -Djava.util.logging.config.file=D:\NewWorkspace\shema\src\main\conf\logging.properties
29-Nov-2024 14:22:13.986 정보 [main] org.apache.catalina.startup.VersionLoggerListener.log 명령 행 아규먼트:  -Djava.util.logging.manager=org.apache.juli.ClassLoaderLogManager
29-Nov-2024 14:22:13.986 정보 [main] org.apache.catalina.startup.VersionLoggerListener.log 명령 행 아규먼트:  -javaagent:D:\JetBrains\IntelliJ IDEA Community Edition 2024.1.4\lib\idea_rt.jar=61077:D:\JetBrains\IntelliJ IDEA Community Edition 2024.1.4\bin
29-Nov-2024 14:22:13.986 정보 [main] org.apache.catalina.startup.VersionLoggerListener.log 명령 행 아규먼트:  -Dfile.encoding=UTF-8
29-Nov-2024 14:22:13.992 정보 [main] org.apache.catalina.core.AprLifecycleListener.lifecycleEvent APR 버전 [1.7.4]을(를) 사용한, APR 기반 Apache Tomcat Native 라이브러리 [2.0.8]을(를) 로드했습니다.
29-Nov-2024 14:22:14.018 정보 [main] org.apache.catalina.core.AprLifecycleListener.initializeSSL OpenSSL이 성공적으로 초기화되었습니다: [OpenSSL 3.0.14 4 Jun 2024]
29-Nov-2024 14:22:14.683 정보 [main] org.apache.coyote.AbstractProtocol.init 프로토콜 핸들러 ["http-nio-8080"]을(를) 초기화합니다.
29-Nov-2024 14:22:14.727 정보 [main] org.apache.coyote.AbstractProtocol.init 프로토콜 핸들러 ["ajp-nio-127.0.0.1-8009"]을(를) 초기화합니다.
29-Nov-2024 14:22:14.730 정보 [main] org.apache.catalina.startup.Catalina.load [1430] 밀리초 내에 서버가 초기화되었습니다.
29-Nov-2024 14:22:14.850 정보 [main] org.apache.catalina.core.StandardService.startInternal 서비스 [Catalina]을(를) 시작합니다.
29-Nov-2024 14:22:14.850 정보 [main] org.apache.catalina.core.StandardEngine.startInternal 서버 엔진을 시작합니다: [Apache Tomcat/10.1.33]
29-Nov-2024 14:22:14.883 정보 [main] org.apache.catalina.startup.HostConfig.deployDescriptor 배치 descriptor [D:\NewWorkspace\shema\src\main\conf\Catalina\localhost\ROOT.xml]을(를) 배치합니다.
29-Nov-2024 14:22:31.429 정보 [main] org.apache.jasper.servlet.TldScanner.scanJars 적어도 하나의 JAR가 TLD들을 찾기 위해 스캔되었으나 아무 것도 찾지 못했습니다. 스캔했으나 TLD가 없는 JAR들의 전체 목록을 보시려면, 로그 레벨을 디버그 레벨로 설정하십시오. 스캔 과정에서 불필요한 JAR들을 건너뛰면, 시스템 시작 시간과 JSP 컴파일 시간을 단축시킬 수 있습니다.
29-Nov-2024 14:22:51.748 경고 [main] org.apache.catalina.util.SessionIdGeneratorBase.createSecureRandom [SHA1PRNG] 알고리즘을 사용하여, 세션 ID를 생성하기 위한 SecureRandom 객체를 생성하는데, [677] 밀리초가 소요됐습니다.
29-Nov-2024 14:22:51.808 정보 [main] org.apache.catalina.startup.HostConfig.deployDescriptor 배치 descriptor [D:\NewWorkspace\shema\src\main\conf\Catalina\localhost\ROOT.xml]의 배치가 [36,925] 밀리초 내에 완료되었습니다.
29-Nov-2024 14:22:51.818 정보 [main] org.apache.coyote.AbstractProtocol.start 프로토콜 핸들러 ["http-nio-8080"]을(를) 시작합니다.
29-Nov-2024 14:22:51.872 심각 [main] org.apache.catalina.util.LifecycleBase.handleSubClassException 구성요소 [Connector["ajp-nio-127.0.0.1-8009"]]을(를) 시작하지 못했습니다.
	org.apache.catalina.LifecycleException: 프로토콜 핸들러 시작 실패
		at org.apache.catalina.connector.Connector.startInternal(Connector.java:1061)
		at org.apache.catalina.util.LifecycleBase.start(LifecycleBase.java:164)
		at org.apache.catalina.core.StandardService.startInternal(StandardService.java:428)
		at org.apache.catalina.util.LifecycleBase.start(LifecycleBase.java:164)
		at org.apache.catalina.core.StandardServer.startInternal(StandardServer.java:870)
		at org.apache.catalina.util.LifecycleBase.start(LifecycleBase.java:164)
		at org.apache.catalina.startup.Catalina.start(Catalina.java:757)
		at java.base/jdk.internal.reflect.NativeMethodAccessorImpl.invoke0(Native Method)
		at java.base/jdk.internal.reflect.NativeMethodAccessorImpl.invoke(NativeMethodAccessorImpl.java:77)
		at java.base/jdk.internal.reflect.DelegatingMethodAccessorImpl.invoke(DelegatingMethodAccessorImpl.java:43)
		at java.base/java.lang.reflect.Method.invoke(Method.java:569)
		at org.apache.catalina.startup.Bootstrap.start(Bootstrap.java:345)
		at org.apache.catalina.startup.Bootstrap.main(Bootstrap.java:473)
	Caused by: java.lang.IllegalArgumentException: AJP 연결자는 secretRequired="true"로 구성되었으나 보안 속성이 널 또는 ""입니다. 이 조합은 유효하지 않습니다.
		at org.apache.coyote.ajp.AbstractAjpProtocol.start(AbstractAjpProtocol.java:277)
		at org.apache.catalina.connector.Connector.startInternal(Connector.java:1058)
		... 12 more
29-Nov-2024 14:22:51.875 정보 [main] org.apache.catalina.startup.Catalina.start 서버가 [37143] 밀리초 내에 시작되었습니다.
29-Nov-2024 14:28:38.623 정보 [Thread-5] org.apache.coyote.AbstractProtocol.pause 프로토콜 핸들러 ["http-nio-8080"]을(를) 일시 정지 중
29-Nov-2024 14:28:45.836 정보 [Thread-5] org.apache.coyote.AbstractProtocol.pause 프로토콜 핸들러 ["ajp-nio-127.0.0.1-8009"]을(를) 일시 정지 중
29-Nov-2024 14:28:45.837 정보 [Thread-5] org.apache.catalina.core.StandardService.stopInternal 서비스 [Catalina]을(를) 중지시킵니다.
29-Nov-2024 14:28:46.314 정보 [Thread-5] org.apache.coyote.AbstractProtocol.stop 프로토콜 핸들러 ["http-nio-8080"]을(를) 중지시킵니다.
29-Nov-2024 14:28:46.322 정보 [Thread-5] org.apache.coyote.AbstractProtocol.destroy 프로토콜 핸들러 ["http-nio-8080"]을(를) 소멸시킵니다.
29-Nov-2024 14:28:46.323 정보 [Thread-5] org.apache.coyote.AbstractProtocol.stop 프로토콜 핸들러 ["ajp-nio-127.0.0.1-8009"]을(를) 중지시킵니다.
29-Nov-2024 14:28:46.324 정보 [Thread-5] org.apache.coyote.AbstractProtocol.destroy 프로토콜 핸들러 ["ajp-nio-127.0.0.1-8009"]을(를) 소멸시킵니다.
